#
# There is insufficient memory for the Java Runtime Environment to continue.
# Native memory allocation (mmap) failed to map 71827456 bytes for committing reserved memory.
# Possible reasons:
#   The system is out of physical RAM or swap space
#   In 32 bit mode, the process size limit was hit
# Possible solutions:
#   Reduce memory load on the system
#   Increase physical memory or swap space
#   Check if swap backing store is full
#   Use 64 bit Java on a 64 bit OS
#   Decrease Java heap size (-Xmx/-Xms)
#   Decrease number of Java threads
#   Decrease Java thread stack sizes (-Xss)
#   Set larger code cache with -XX:ReservedCodeCacheSize=
# This output file may be truncated or incomplete.
#
#  Out of Memory Error (os_linux.cpp:2627), pid=9245, tid=0x00007f82a6035700
#
# JRE version: Java(TM) SE Runtime Environment (8.0_121-b13) (build 1.8.0_121-b13)
# Java VM: Java HotSpot(TM) 64-Bit Server VM (25.121-b13 mixed mode linux-amd64 compressed oops)
# Failed to write core dump. Core dumps have been disabled. To enable core dumping, try "ulimit -c unlimited" before starting Java again
#

---------------  T H R E A D  ---------------

Current thread (0x00007f82bc077800):  VMThread [stack: 0x00007f82a5f35000,0x00007f82a6036000] [id=9253]

Stack: [0x00007f82a5f35000,0x00007f82a6036000],  sp=0x00007f82a60342a0,  free space=1020k
Native frames: (J=compiled Java code, j=interpreted, Vv=VM code, C=native code)
V  [libjvm.so+0xac703a]  VMError::report_and_die()+0x2ba
V  [libjvm.so+0x4fc7eb]  report_vm_out_of_memory(char const*, int, unsigned long, VMErrorType, char const*)+0x8b
V  [libjvm.so+0x923c43]  os::Linux::commit_memory_impl(char*, unsigned long, bool)+0x103
V  [libjvm.so+0x924199]  os::pd_commit_memory(char*, unsigned long, unsigned long, bool)+0x29
V  [libjvm.so+0x91e4aa]  os::commit_memory(char*, unsigned long, unsigned long, bool)+0x2a
V  [libjvm.so+0x992f03]  PSVirtualSpace::expand_by(unsigned long)+0x53
V  [libjvm.so+0x994308]  PSYoungGen::resize_generation(unsigned long, unsigned long)+0xf8
V  [libjvm.so+0x993462]  PSYoungGen::resize(unsigned long, unsigned long)+0x22
V  [libjvm.so+0x99073b]  PSScavenge::invoke_no_policy()+0xf3b
V  [libjvm.so+0x990ec1]  PSScavenge::invoke()+0x41
V  [libjvm.so+0x947c10]  ParallelScavengeHeap::failed_mem_allocate(unsigned long)+0x70
V  [libjvm.so+0xac8a57]  VM_ParallelGCFailedAllocation::doit()+0x97
V  [libjvm.so+0xad0535]  VM_Operation::evaluate()+0x55
V  [libjvm.so+0xace90a]  VMThread::evaluate_operation(VM_Operation*)+0xba
V  [libjvm.so+0xacec8e]  VMThread::loop()+0x1ce
V  [libjvm.so+0xacf100]  VMThread::run()+0x70
V  [libjvm.so+0x926268]  java_start(Thread*)+0x108

VM_Operation (0x00007f82c2971b30): ParallelGCFailedAllocation, mode: safepoint, requested by thread 0x00007f82bc00a000


---------------  P R O C E S S  ---------------

Java Threads: ( => current thread )
  0x00007f82bc0c1000 JavaThread "Service Thread" daemon [_thread_blocked, id=9260, stack(0x00007f82a5555000,0x00007f82a5656000)]
  0x00007f82bc0be000 JavaThread "C1 CompilerThread2" daemon [_thread_blocked, id=9259, stack(0x00007f82a5656000,0x00007f82a5757000)]
  0x00007f82bc0bc000 JavaThread "C2 CompilerThread1" daemon [_thread_blocked, id=9258, stack(0x00007f82a5757000,0x00007f82a5858000)]
  0x00007f82bc0b9000 JavaThread "C2 CompilerThread0" daemon [_thread_blocked, id=9257, stack(0x00007f82a5858000,0x00007f82a5959000)]
  0x00007f82bc0b7800 JavaThread "Signal Dispatcher" daemon [_thread_blocked, id=9256, stack(0x00007f82a5959000,0x00007f82a5a5a000)]
  0x00007f82bc084000 JavaThread "Finalizer" daemon [_thread_blocked, id=9255, stack(0x00007f82a5d33000,0x00007f82a5e34000)]
  0x00007f82bc07f800 JavaThread "Reference Handler" daemon [_thread_blocked, id=9254, stack(0x00007f82a5e34000,0x00007f82a5f35000)]
  0x00007f82bc00a000 JavaThread "main" [_thread_blocked, id=9248, stack(0x00007f82c2875000,0x00007f82c2976000)]

Other Threads:
=>0x00007f82bc077800 VMThread [stack: 0x00007f82a5f35000,0x00007f82a6036000] [id=9253]
  0x00007f82bc0c4000 WatcherThread [stack: 0x00007f82a5454000,0x00007f82a5555000] [id=9261]

VM state:at safepoint (normal execution)

VM Mutex/Monitor currently owned by a thread:  ([mutex/lock_event])
[0x00007f82bc0061a0] Threads_lock - owner thread: 0x00007f82bc077800
[0x00007f82bc0066a0] Heap_lock - owner thread: 0x00007f82bc00a000

Heap:
 PSYoungGen      total 137216K, used 4226K [0x00000000d7180000, 0x00000000e0d80000, 0x0000000100000000)
  eden space 120832K, 0% used [0x00000000d7180000,0x00000000d7180000,0x00000000de780000)
  from space 16384K, 25% used [0x00000000de780000,0x00000000deba0b08,0x00000000df780000)
  to   space 10240K, 0% used [0x00000000df780000,0x00000000df780000,0x00000000e0180000)
 ParOldGen       total 74752K, used 25135K [0x0000000085400000, 0x0000000089d00000, 0x00000000d7180000)
  object space 74752K, 33% used [0x0000000085400000,0x0000000086c8be88,0x0000000089d00000)
 Metaspace       used 22139K, capacity 22966K, committed 23088K, reserved 1069056K
  class space    used 2578K, capacity 2803K, committed 2864K, reserved 1048576K

Card table byte_map: [0x00007f82ac230000,0x00007f82ac607000] byte_map_base: 0x00007f82abe06000

Marking Bits: (ParMarkBitMap*) 0x00007f82c1d4ac80
 Begin Bits: [0x00007f82a7e3d000, 0x00007f82a9ced000)
 End Bits:   [0x00007f82a9ced000, 0x00007f82abb9d000)

Polling page: 0x00007f82c299a000

CodeCache: size=245760Kb used=15084Kb max_used=15495Kb free=230676Kb
 bounds [0x00007f82ac9c7000, 0x00007f82ad907000, 0x00007f82bb9c7000]
 total_blobs=4431 nmethods=4052 adapters=292
 compilation: enabled

Compilation events (10 events):
Event: 834,086 Thread 0x00007f82bc0bc000 4544       4       lombok.core.AST::putInMap (35 bytes)
Event: 849,754 Thread 0x00007f82bc0be000 nmethod 4542 0x00007f82acbe2fd0 code [0x00007f82acbe3140, 0x00007f82acbe3368]
Event: 878,443 Thread 0x00007f82bc0b9000 nmethod 4538 0x00007f82accdb1d0 code [0x00007f82accdb360, 0x00007f82accdb6f8]
Event: 1221,094 Thread 0x00007f82bc0bc000 nmethod 4544 0x00007f82acee5690 code [0x00007f82acee5880, 0x00007f82acee61b0]
Event: 1221,231 Thread 0x00007f82bc0be000 4545   !   3       sun.reflect.GeneratedMethodAccessor20::invoke (81 bytes)
Event: 1221,290 Thread 0x00007f82bc0be000 nmethod 4545 0x00007f82ad0347d0 code [0x00007f82ad034a00, 0x00007f82ad0355c8]
Event: 1221,297 Thread 0x00007f82bc0be000 4546 %     3       lombok.javac.handlers.JavacHandlerUtil::findGetter @ 55 (452 bytes)
Event: 1221,324 Thread 0x00007f82bc0b9000 4547       4       java.net.URI::equal (158 bytes)
Event: 1221,367 Thread 0x00007f82bc0bc000 4550       4       lombok.core.AST::buildWithCollection (125 bytes)
Event: 1221,388 Thread 0x00007f82bc0b9000 nmethod 4547 0x00007f82ace79c50 code [0x00007f82ace79da0, 0x00007f82ace7a038]

GC Heap History (10 events):
Event: 7,210 GC heap after
Heap after GC invocations=3 (full 0):
 PSYoungGen      total 68608K, used 5104K [0x00000000d7180000, 0x00000000db980000, 0x0000000100000000)
  eden space 63488K, 0% used [0x00000000d7180000,0x00000000d7180000,0x00000000daf80000)
  from space 5120K, 99% used [0x00000000daf80000,0x00000000db47c050,0x00000000db480000)
  to   space 5120K, 0% used [0x00000000db480000,0x00000000db480000,0x00000000db980000)
 ParOldGen       total 84992K, used 4142K [0x0000000085400000, 0x000000008a700000, 0x00000000d7180000)
  object space 84992K, 4% used [0x0000000085400000,0x000000008580b970,0x000000008a700000)
 Metaspace       used 13971K, capacity 14382K, committed 14720K, reserved 1062912K
  class space    used 1700K, capacity 1803K, committed 1920K, reserved 1048576K
}
Event: 13,640 GC heap before
{Heap before GC invocations=4 (full 0):
 PSYoungGen      total 68608K, used 68592K [0x00000000d7180000, 0x00000000db980000, 0x0000000100000000)
  eden space 63488K, 100% used [0x00000000d7180000,0x00000000daf80000,0x00000000daf80000)
  from space 5120K, 99% used [0x00000000daf80000,0x00000000db47c050,0x00000000db480000)
  to   space 5120K, 0% used [0x00000000db480000,0x00000000db480000,0x00000000db980000)
 ParOldGen       total 84992K, used 4142K [0x0000000085400000, 0x000000008a700000, 0x00000000d7180000)
  object space 84992K, 4% used [0x0000000085400000,0x000000008580b970,0x000000008a700000)
 Metaspace       used 14846K, capacity 15302K, committed 15488K, reserved 1062912K
  class space    used 1757K, capacity 1875K, committed 1920K, reserved 1048576K
Event: 13,701 GC heap after
Heap after GC invocations=4 (full 0):
 PSYoungGen      total 68608K, used 5104K [0x00000000d7180000, 0x00000000db980000, 0x0000000100000000)
  eden space 63488K, 0% used [0x00000000d7180000,0x00000000d7180000,0x00000000daf80000)
  from space 5120K, 99% used [0x00000000db480000,0x00000000db97c010,0x00000000db980000)
  to   space 5120K, 0% used [0x00000000daf80000,0x00000000daf80000,0x00000000db480000)
 ParOldGen       total 84992K, used 7274K [0x0000000085400000, 0x000000008a700000, 0x00000000d7180000)
  object space 84992K, 8% used [0x0000000085400000,0x0000000085b1a988,0x000000008a700000)
 Metaspace       used 14846K, capacity 15302K, committed 15488K, reserved 1062912K
  class space    used 1757K, capacity 1875K, committed 1920K, reserved 1048576K
}
Event: 16,351 GC heap before
{Heap before GC invocations=5 (full 0):
 PSYoungGen      total 68608K, used 68584K [0x00000000d7180000, 0x00000000db980000, 0x0000000100000000)
  eden space 63488K, 99% used [0x00000000d7180000,0x00000000daf7e0d8,0x00000000daf80000)
  from space 5120K, 99% used [0x00000000db480000,0x00000000db97c010,0x00000000db980000)
  to   space 5120K, 0% used [0x00000000daf80000,0x00000000daf80000,0x00000000db480000)
 ParOldGen       total 84992K, used 7274K [0x0000000085400000, 0x000000008a700000, 0x00000000d7180000)
  object space 84992K, 8% used [0x0000000085400000,0x0000000085b1a988,0x000000008a700000)
 Metaspace       used 19165K, capacity 19714K, committed 19968K, reserved 1067008K
  class space    used 2314K, capacity 2475K, committed 2560K, reserved 1048576K
Event: 16,426 GC heap after
Heap after GC invocations=5 (full 0):
 PSYoungGen      total 68608K, used 5119K [0x00000000d7180000, 0x00000000e0180000, 0x0000000100000000)
  eden space 63488K, 0% used [0x00000000d7180000,0x00000000d7180000,0x00000000daf80000)
  from space 5120K, 99% used [0x00000000daf80000,0x00000000db47fcf0,0x00000000db480000)
  to   space 10240K, 0% used [0x00000000df780000,0x00000000df780000,0x00000000e0180000)
 ParOldGen       total 84992K, used 10392K [0x0000000085400000, 0x000000008a700000, 0x00000000d7180000)
  object space 84992K, 12% used [0x0000000085400000,0x0000000085e26330,0x000000008a700000)
 Metaspace       used 19165K, capacity 19714K, committed 19968K, reserved 1067008K
  class space    used 2314K, capacity 2475K, committed 2560K, reserved 1048576K
}
Event: 20,631 GC heap before
{Heap before GC invocations=6 (full 0):
 PSYoungGen      total 68608K, used 58265K [0x00000000d7180000, 0x00000000e0180000, 0x0000000100000000)
  eden space 63488K, 83% used [0x00000000d7180000,0x00000000da566830,0x00000000daf80000)
  from space 5120K, 99% used [0x00000000daf80000,0x00000000db47fcf0,0x00000000db480000)
  to   space 10240K, 0% used [0x00000000df780000,0x00000000df780000,0x00000000e0180000)
 ParOldGen       total 84992K, used 10392K [0x0000000085400000, 0x000000008a700000, 0x00000000d7180000)
  object space 84992K, 12% used [0x0000000085400000,0x0000000085e26330,0x000000008a700000)
 Metaspace       used 20672K, capacity 21254K, committed 21296K, reserved 1069056K
  class space    used 2409K, capacity 2579K, committed 2608K, reserved 1048576K
Event: 20,689 GC heap after
Heap after GC invocations=6 (full 0):
 PSYoungGen      total 131072K, used 10214K [0x00000000d7180000, 0x00000000e0d80000, 0x0000000100000000)
  eden space 120832K, 0% used [0x00000000d7180000,0x00000000d7180000,0x00000000de780000)
  from space 10240K, 99% used [0x00000000df780000,0x00000000e0179b78,0x00000000e0180000)
  to   space 16384K, 0% used [0x00000000de780000,0x00000000de780000,0x00000000df780000)
 ParOldGen       total 84992K, used 18731K [0x0000000085400000, 0x000000008a700000, 0x00000000d7180000)
  object space 84992K, 22% used [0x0000000085400000,0x000000008664afb0,0x000000008a700000)
 Metaspace       used 20672K, capacity 21254K, committed 21296K, reserved 1069056K
  class space    used 2409K, capacity 2579K, committed 2608K, reserved 1048576K
}
Event: 20,689 GC heap before
{Heap before GC invocations=7 (full 1):
 PSYoungGen      total 131072K, used 10214K [0x00000000d7180000, 0x00000000e0d80000, 0x0000000100000000)
  eden space 120832K, 0% used [0x00000000d7180000,0x00000000d7180000,0x00000000de780000)
  from space 10240K, 99% used [0x00000000df780000,0x00000000e0179b78,0x00000000e0180000)
  to   space 16384K, 0% used [0x00000000de780000,0x00000000de780000,0x00000000df780000)
 ParOldGen       total 84992K, used 18731K [0x0000000085400000, 0x000000008a700000, 0x00000000d7180000)
  object space 84992K, 22% used [0x0000000085400000,0x000000008664afb0,0x000000008a700000)
 Metaspace       used 20672K, capacity 21254K, committed 21296K, reserved 1069056K
  class space    used 2409K, capacity 2579K, committed 2608K, reserved 1048576K
Event: 20,814 GC heap after
Heap after GC invocations=7 (full 1):
 PSYoungGen      total 131072K, used 0K [0x00000000d7180000, 0x00000000e0d80000, 0x0000000100000000)
  eden space 120832K, 0% used [0x00000000d7180000,0x00000000d7180000,0x00000000de780000)
  from space 10240K, 0% used [0x00000000df780000,0x00000000df780000,0x00000000e0180000)
  to   space 16384K, 0% used [0x00000000de780000,0x00000000de780000,0x00000000df780000)
 ParOldGen       total 74752K, used 25127K [0x0000000085400000, 0x0000000089d00000, 0x00000000d7180000)
  object space 74752K, 33% used [0x0000000085400000,0x0000000086c89e88,0x0000000089d00000)
 Metaspace       used 20672K, capacity 21254K, committed 21296K, reserved 1069056K
  class space    used 2409K, capacity 2579K, committed 2608K, reserved 1048576K
}
Event: 1221,398 GC heap before
{Heap before GC invocations=8 (full 1):
 PSYoungGen      total 131072K, used 120832K [0x00000000d7180000, 0x00000000e0d80000, 0x0000000100000000)
  eden space 120832K, 100% used [0x00000000d7180000,0x00000000de780000,0x00000000de780000)
  from space 10240K, 0% used [0x00000000df780000,0x00000000df780000,0x00000000e0180000)
  to   space 16384K, 0% used [0x00000000de780000,0x00000000de780000,0x00000000df780000)
 ParOldGen       total 74752K, used 25127K [0x0000000085400000, 0x0000000089d00000, 0x00000000d7180000)
  object space 74752K, 33% used [0x0000000085400000,0x0000000086c89e88,0x0000000089d00000)
 Metaspace       used 22139K, capacity 22966K, committed 23088K, reserved 1069056K
  class space    used 2578K, capacity 2803K, committed 2864K, reserved 1048576K

Deoptimization events (10 events):
Event: 21,887 Thread 0x00007f82bc00a000 Uncommon trap: reason=class_check action=maybe_recompile pc=0x00007f82acbc5ddc method=java.util.regex.Pattern$Start.match(Ljava/util/regex/Matcher;ILjava/lang/CharSequence;)Z @ 44
Event: 21,887 Thread 0x00007f82bc00a000 Uncommon trap: reason=bimorphic action=maybe_recompile pc=0x00007f82acf54414 method=java.util.regex.Pattern$CharProperty.match(Ljava/util/regex/Matcher;ILjava/lang/CharSequence;)Z @ 37
Event: 21,887 Thread 0x00007f82bc00a000 Uncommon trap: reason=class_check action=maybe_recompile pc=0x00007f82acbc5ddc method=java.util.regex.Pattern$Start.match(Ljava/util/regex/Matcher;ILjava/lang/CharSequence;)Z @ 44
Event: 21,887 Thread 0x00007f82bc00a000 Uncommon trap: reason=bimorphic action=maybe_recompile pc=0x00007f82acf54414 method=java.util.regex.Pattern$CharProperty.match(Ljava/util/regex/Matcher;ILjava/lang/CharSequence;)Z @ 37
Event: 21,888 Thread 0x00007f82bc00a000 Uncommon trap: reason=class_check action=maybe_recompile pc=0x00007f82acbc5ddc method=java.util.regex.Pattern$Start.match(Ljava/util/regex/Matcher;ILjava/lang/CharSequence;)Z @ 44
Event: 21,888 Thread 0x00007f82bc00a000 Uncommon trap: reason=class_check action=maybe_recompile pc=0x00007f82acbc5ddc method=java.util.regex.Pattern$Start.match(Ljava/util/regex/Matcher;ILjava/lang/CharSequence;)Z @ 44
Event: 39,075 Thread 0x00007f82bc00a000 Uncommon trap: reason=bimorphic action=maybe_recompile pc=0x00007f82acbf83cc method=java.util.regex.Pattern$Start.match(Ljava/util/regex/Matcher;ILjava/lang/CharSequence;)Z @ 44
Event: 39,083 Thread 0x00007f82bc00a000 Uncommon trap: reason=bimorphic action=maybe_recompile pc=0x00007f82acbf83cc method=java.util.regex.Pattern$Start.match(Ljava/util/regex/Matcher;ILjava/lang/CharSequence;)Z @ 44
Event: 39,083 Thread 0x00007f82bc00a000 Uncommon trap: reason=bimorphic action=maybe_recompile pc=0x00007f82acbf83cc method=java.util.regex.Pattern$Start.match(Ljava/util/regex/Matcher;ILjava/lang/CharSequence;)Z @ 44
Event: 39,083 Thread 0x00007f82bc00a000 Uncommon trap: reason=bimorphic action=maybe_recompile pc=0x00007f82acbf83cc method=java.util.regex.Pattern$Start.match(Ljava/util/regex/Matcher;ILjava/lang/CharSequence;)Z @ 44

Internal exceptions (10 events):
Event: 3,822 Thread 0x00007f82bc00a000 Implicit null exception at 0x00007f82acd20baf to 0x00007f82acd20c19
Event: 4,215 Thread 0x00007f82bc00a000 Implicit null exception at 0x00007f82ace7903e to 0x00007f82ace79359
Event: 6,141 Thread 0x00007f82bc00a000 Implicit null exception at 0x00007f82acd32b98 to 0x00007f82acd32c26
Event: 6,400 Thread 0x00007f82bc00a000 Exception <a 'java/lang/NoClassDefFoundError': org/slf4j/Logger> (0x00000000d9bc08d8) thrown at [/HUDSON3/workspace/8-2-build-linux-amd64/jdk8u121/8372/hotspot/src/share/vm/oops/constantPool.cpp, line 235]
Event: 13,351 Thread 0x00007f82bc00a000 Exception <a 'java/lang/NoClassDefFoundError': org/slf4j/Logger> (0x00000000dab68688) thrown at [/HUDSON3/workspace/8-2-build-linux-amd64/jdk8u121/8372/hotspot/src/share/vm/oops/constantPool.cpp, line 235]
Event: 14,097 Thread 0x00007f82bc00a000 Exception <a 'java/lang/NoClassDefFoundError': org/slf4j/Logger> (0x00000000d75c57b8) thrown at [/HUDSON3/workspace/8-2-build-linux-amd64/jdk8u121/8372/hotspot/src/share/vm/oops/constantPool.cpp, line 235]
Event: 15,250 Thread 0x00007f82bc00a000 Exception <a 'java/lang/NoClassDefFoundError': org/slf4j/Logger> (0x00000000d898ca80) thrown at [/HUDSON3/workspace/8-2-build-linux-amd64/jdk8u121/8372/hotspot/src/share/vm/oops/constantPool.cpp, line 235]
Event: 15,426 Thread 0x00007f82bc00a000 Exception <a 'java/lang/ClassNotFoundException': com/sun/tools/javac/api/JavacTool> (0x00000000d8fa9f48) thrown at [/HUDSON3/workspace/8-2-build-linux-amd64/jdk8u121/8372/hotspot/src/share/vm/classfile/systemDictionary.cpp, line 210]
Event: 19,256 Thread 0x00007f82bc00a000 Exception <a 'java/io/FileNotFoundException'> (0x00000000d8270a98) thrown at [/HUDSON3/workspace/8-2-build-linux-amd64/jdk8u121/8372/hotspot/src/share/vm/prims/jni.cpp, line 709]
Event: 19,260 Thread 0x00007f82bc00a000 Exception <a 'java/io/FileNotFoundException'> (0x00000000d82a5940) thrown at [/HUDSON3/workspace/8-2-build-linux-amd64/jdk8u121/8372/hotspot/src/share/vm/prims/jni.cpp, line 709]

Events (10 events):
Event: 351,245 Thread 0x00007f82bc0be000 flushing nmethod 0x00007f82ad041910
Event: 351,257 Thread 0x00007f82bc0be000 flushing nmethod 0x00007f82ad069950
Event: 351,258 Thread 0x00007f82bc0be000 flushing nmethod 0x00007f82ad075650
Event: 351,258 Thread 0x00007f82bc0be000 flushing nmethod 0x00007f82ad07df50
Event: 351,258 Thread 0x00007f82bc0be000 flushing nmethod 0x00007f82ad07e650
Event: 351,258 Thread 0x00007f82bc0be000 flushing nmethod 0x00007f82ad07ecd0
Event: 352,625 Thread 0x00007f82bc0be000 flushing nmethod 0x00007f82ad0dbd10
Event: 352,626 Thread 0x00007f82bc0be000 flushing nmethod 0x00007f82ad152b90
Event: 352,628 Thread 0x00007f82bc0be000 flushing nmethod 0x00007f82ad2b7110
Event: 1221,392 Executing VM operation: ParallelGCFailedAllocation


Dynamic libraries:
00400000-00401000 r-xp 00000000 08:03 286727                             /usr/lib/jvm/java-8-oracle/bin/java
00600000-00601000 rw-p 00000000 08:03 286727                             /usr/lib/jvm/java-8-oracle/bin/java
0066a000-0068b000 rw-p 00000000 00:00 0                                  [heap]
85400000-89d00000 rw-p 00000000 00:00 0 
89d00000-d7180000 ---p 00000000 00:00 0 
d7180000-e0d80000 rw-p 00000000 00:00 0 
e5200000-100000000 ---p 00000000 00:00 0 
100000000-1002cc000 rw-p 00000000 00:00 0 
1002cc000-140000000 ---p 00000000 00:00 0 
7f8268000000-7f8268021000 rw-p 00000000 00:00 0 
7f8268021000-7f826c000000 ---p 00000000 00:00 0 
7f826fd0a000-7f826fd1d000 r--s 00345000 08:03 287001                     /usr/lib/jvm/java-8-oracle/jre/lib/resources.jar
7f826fd1d000-7f826fd1f000 r--s 0000f000 08:15 19661696                   /home/cassio/.m2/repository/br/com/caelum/stella/caelum-stella-faces/2.1.2/caelum-stella-faces-2.1.2.jar
7f826fd1f000-7f826fd23000 r--s 0000f000 08:15 19532092                   /home/cassio/.m2/repository/net/vidageek/mirror/1.5/mirror-1.5.jar
7f826fd23000-7f826fd25000 r--s 00006000 08:15 19661687                   /home/cassio/.m2/repository/br/com/caelum/stella/caelum-stella-bean-validation/2.1.2/caelum-stella-bean-validation-2.1.2.jar
7f826fd25000-7f826fd29000 r--s 0001a000 08:15 19661672                   /home/cassio/.m2/repository/br/com/caelum/stella/caelum-stella-core/2.1.2/caelum-stella-core-2.1.2.jar
7f826fd29000-7f826fd33000 r--s 0007c000 08:15 19401290                   /home/cassio/.m2/repository/org/springframework/security/spring-security-config/4.1.3.RELEASE/spring-security-config-4.1.3.RELEASE.jar
7f826fd33000-7f826fd45000 r--s 000b5000 08:15 19401288                   /home/cassio/.m2/repository/org/springframework/spring-web/4.3.2.RELEASE/spring-web-4.3.2.RELEASE.jar
7f826fd45000-7f826fd4f000 r--s 0004e000 08:15 19401286                   /home/cassio/.m2/repository/org/springframework/security/spring-security-web/4.1.3.RELEASE/spring-security-web-4.1.3.RELEASE.jar
7f826fd4f000-7f826fd66000 r--s 000f9000 08:15 19401282                   /home/cassio/.m2/repository/org/springframework/spring-core/4.3.2.RELEASE/spring-core-4.3.2.RELEASE.jar
7f826fd66000-7f826fd7f000 r--s 000fc000 08:15 19401281                   /home/cassio/.m2/repository/org/springframework/spring-context/4.3.2.RELEASE/spring-context-4.3.2.RELEASE.jar
7f826fd7f000-7f826fd8c000 r--s 000ac000 08:15 19401279                   /home/cassio/.m2/repository/org/springframework/spring-beans/4.3.2.RELEASE/spring-beans-4.3.2.RELEASE.jar
7f826fd8c000-7f826fd95000 r--s 00054000 08:15 19401280                   /home/cassio/.m2/repository/org/springframework/spring-aop/4.3.2.RELEASE/spring-aop-4.3.2.RELEASE.jar
7f826fd95000-7f826fda0000 r--s 00051000 08:15 19401278                   /home/cassio/.m2/repository/org/springframework/security/spring-security-core/4.1.3.RELEASE/spring-security-core-4.1.3.RELEASE.jar
7f826fda0000-7f826fdb1000 r--s 0008a000 08:15 19662659                   /home/cassio/.m2/repository/joda-time/joda-time/2.9.6/joda-time-2.9.6.jar
7f826fdb1000-7f826fdc2000 r--s 000a1000 08:15 19267760                   /home/cassio/.m2/repository/org/hibernate/hibernate-validator/5.3.4.Final/hibernate-validator-5.3.4.Final.jar
7f826fdc2000-7f826fdd7000 r--s 00145000 08:15 19532230                   /home/cassio/.m2/repository/org/projectlombok/lombok/1.16.12/lombok-1.16.12.jar
7f826fdd7000-7f826fde8000 r--s 000b9000 08:15 19398690                   /home/cassio/.m2/repository/org/apache/logging/log4j/log4j-core/2.2/log4j-core-2.2.jar
7f826fde9000-7f826fdee000 r--s 0003c000 08:15 19401284                   /home/cassio/.m2/repository/org/springframework/spring-expression/4.3.2.RELEASE/spring-expression-4.3.2.RELEASE.jar
7f826fdee000-7f826fdf0000 r--s 00000000 08:15 19531685                   /home/cassio/.m2/repository/aopalliance/aopalliance/1.0/aopalliance-1.0.jar
7f826fdf0000-7f826fdf2000 r--s 0000e000 08:15 19662657                   /home/cassio/.m2/repository/com/fasterxml/classmate/1.3.1/classmate-1.3.1.jar
7f826fdf2000-7f826fdf4000 r--s 0000f000 08:15 27525928                   /home/cassio/.m2/repository/org/jboss/logging/jboss-logging/3.3.0.Final/jboss-logging-3.3.0.Final.jar
7f826fdf4000-7f826fe00000 r--s 00089000 08:15 19399259                   /home/cassio/.m2/repository/org/omnifaces/omnifaces/2.1/omnifaces-2.1.jar
7f826fe00000-7f826ffc0000 rw-p 00000000 00:00 0 
7f826ffc0000-7f8270000000 ---p 00000000 00:00 0 
7f8270000000-7f8270021000 rw-p 00000000 00:00 0 
7f8270021000-7f8274000000 ---p 00000000 00:00 0 
7f8274000000-7f8274021000 rw-p 00000000 00:00 0 
7f8274021000-7f8278000000 ---p 00000000 00:00 0 
7f8278000000-7f827a008000 rw-p 00000000 00:00 0 
7f827a008000-7f827c000000 ---p 00000000 00:00 0 
7f827c000000-7f827d0b0000 rw-p 00000000 00:00 0 
7f827d0b0000-7f8280000000 ---p 00000000 00:00 0 
7f8280000000-7f8280021000 rw-p 00000000 00:00 0 
7f8280021000-7f8284000000 ---p 00000000 00:00 0 
7f8284000000-7f82867af000 rw-p 00000000 00:00 0 
7f82867af000-7f8288000000 ---p 00000000 00:00 0 
7f8288000000-7f8288021000 rw-p 00000000 00:00 0 
7f8288021000-7f828c000000 ---p 00000000 00:00 0 
7f828c000000-7f828c021000 rw-p 00000000 00:00 0 
7f828c021000-7f8290000000 ---p 00000000 00:00 0 
7f8290000000-7f8290021000 rw-p 00000000 00:00 0 
7f8290021000-7f8294000000 ---p 00000000 00:00 0 
7f8294000000-7f8294296000 rw-p 00000000 00:00 0 
7f8294296000-7f8298000000 ---p 00000000 00:00 0 
7f8298000000-7f8298029000 rw-p 00000000 00:00 0 
7f8298029000-7f829c000000 ---p 00000000 00:00 0 
7f829c000000-7f829c021000 rw-p 00000000 00:00 0 
7f829c021000-7f82a0000000 ---p 00000000 00:00 0 
7f82a0000000-7f82a0021000 rw-p 00000000 00:00 0 
7f82a0021000-7f82a4000000 ---p 00000000 00:00 0 
7f82a4001000-7f82a4004000 r--s 0001e000 08:15 19398663                   /home/cassio/.m2/repository/org/apache/logging/log4j/log4j-api/2.2/log4j-api-2.2.jar
7f82a4004000-7f82a4006000 r--s 0000e000 08:15 19660985                   /home/cassio/.m2/repository/commons-logging/commons-logging/1.2/commons-logging-1.2.jar
7f82a4006000-7f82a400f000 r--s 00058000 08:15 19661849                   /home/cassio/.m2/repository/taglibs/standard/1.1.2/standard-1.1.2.jar
7f82a400f000-7f82a4011000 r--s 00003000 08:15 19400353                   /home/cassio/.m2/repository/org/primefaces/themes/bootstrap/1.0.10/bootstrap-1.0.10.jar
7f82a4011000-7f82a4041000 r--s 003a3000 08:15 19401153                   /home/cassio/.m2/repository/org/primefaces/primefaces/6.0/primefaces-6.0.jar
7f82a4041000-7f82a4049000 r--s 00097000 08:15 19400852                   /home/cassio/.m2/repository/org/postgresql/postgresql/9.4-1201-jdbc41/postgresql-9.4-1201-jdbc41.jar
7f82a4049000-7f82a406b000 r--s 00120000 08:15 19531742                   /home/cassio/.m2/repository/javax/javaee-web-api/7.0/javaee-web-api-7.0.jar
7f82a406b000-7f82a4094000 r--s 002d3000 08:15 19530699                   /home/cassio/.m2/repository/org/glassfish/javax.faces/2.2.8/javax.faces-2.2.8.jar
7f82a4094000-7f82a40a1000 r--s 0009e000 08:15 19662656                   /home/cassio/.m2/repository/com/sun/faces/jsf-api/2.2.14/jsf-api-2.2.14.jar
7f82a40a1000-7f82a40a4000 r--s 00012000 08:15 36177378                   /home/cassio/.m2/repository/org/glassfish/javax.json/1.0.4/javax.json-1.0.4.jar
7f82a40a4000-7f82a40a8000 r--s 0000c000 08:15 19531856                   /home/cassio/.m2/repository/javax/validation/validation-api/1.1.0.Final/validation-api-1.1.0.Final.jar
7f82a40a8000-7f82a40aa000 r--s 00004000 08:15 19399940                   /home/cassio/.m2/repository/org/eclipse/persistence/commonj.sdo/2.1.1/commonj.sdo-2.1.1.jar
7f82a40aa000-7f82a40b0000 r--s 00022000 08:15 19401121                   /home/cassio/.m2/repository/org/eclipse/persistence/javax.persistence/2.1.1/javax.persistence-2.1.1.jar
7f82a40b0000-7f82a4133000 r--s 00826000 08:15 19401160                   /home/cassio/.m2/repository/org/eclipse/persistence/eclipselink/2.6.4/eclipselink-2.6.4.jar
7f82a4133000-7f82a4333000 rw-p 00000000 00:00 0 
7f82a4333000-7f82a4533000 rw-p 00000000 00:00 0 
7f82a4533000-7f82a45ad000 r--s 010f6000 08:03 285949                     /usr/lib/jvm/java-8-oracle/lib/tools.jar
7f82a45ad000-7f82a45b0000 r--s 0001b000 08:15 19531713                   /home/cassio/.m2/repository/junit/junit/3.8.2/junit-3.8.2.jar
7f82a45b0000-7f82a45be000 r--s 0008f000 08:15 19661153                   /home/cassio/.m2/repository/com/google/collections/google-collections/1.0/google-collections-1.0.jar
7f82a45be000-7f82a45bf000 r--s 0000a000 08:15 19660998                   /home/cassio/.m2/repository/commons-logging/commons-logging-api/1.1/commons-logging-api-1.1.jar
7f82a45bf000-7f82a45c6000 r--s 00051000 08:15 19661123                   /home/cassio/.m2/repository/log4j/log4j/1.2.12/log4j-1.2.12.jar
7f82a45c6000-7f82a45ca000 r--s 0001d000 08:15 19398851                   /home/cassio/.m2/repository/org/apache/xbean/xbean-reflect/3.4/xbean-reflect-3.4.jar
7f82a45ca000-7f82a45cb000 r--s 00004000 08:15 19530130                   /home/cassio/.m2/repository/org/codehaus/plexus/plexus-compiler-javac/2.2/plexus-compiler-javac-2.2.jar
7f82a45cb000-7f82a45cd000 r--s 00000000 08:15 19530109                   /home/cassio/.m2/repository/org/codehaus/plexus/plexus-compiler-manager/2.2/plexus-compiler-manager-2.2.jar
7f82a45cd000-7f82a45cf000 r--s 00005000 08:15 19530074                   /home/cassio/.m2/repository/org/codehaus/plexus/plexus-compiler-api/2.2/plexus-compiler-api-2.2.jar
7f82a45cf000-7f82a45d1000 r--s 00002000 08:15 19269502                   /home/cassio/.m2/repository/org/apache/maven/shared/maven-shared-incremental/1.1/maven-shared-incremental-1.1.jar
7f82a45d1000-7f82a45d3000 r--s 00006000 08:15 19661167                   /home/cassio/.m2/repository/com/google/code/findbugs/jsr305/2.0.1/jsr305-2.0.1.jar
7f82a45d3000-7f82a45d6000 r--s 00023000 08:15 19269489                   /home/cassio/.m2/repository/org/apache/maven/shared/maven-shared-utils/0.1/maven-shared-utils-0.1.jar
7f82a45d6000-7f82a45da000 r--s 00030000 08:15 19400909                   /home/cassio/.m2/repository/org/codehaus/plexus/plexus-utils/1.5.1/plexus-utils-1.5.1.jar
7f82a45da000-7f82a45dc000 r--s 00009000 08:15 19268097                   /home/cassio/.m2/repository/org/apache/maven/plugins/maven-compiler-plugin/3.1/maven-compiler-plugin-3.1.jar
7f82a45dc000-7f82a45de000 r--s 0000d000 08:15 19530041                   /home/cassio/.m2/repository/org/codehaus/plexus/plexus-interpolation/1.13/plexus-interpolation-1.13.jar
7f82a45de000-7f82a45df000 r--s 00001000 08:15 19400717                   /home/cassio/.m2/repository/org/sonatype/plexus/plexus-build-api/0.0.4/plexus-build-api-0.0.4.jar
7f82a45df000-7f82a45e1000 r--s 00009000 08:15 19269462                   /home/cassio/.m2/repository/org/apache/maven/shared/maven-filtering/1.0/maven-filtering-1.0.jar
7f82a45e1000-7f82a45e2000 r--s 00001000 08:15 19269026                   /home/cassio/.m2/repository/org/apache/maven/doxia/doxia-sink-api/1.0-alpha-7/doxia-sink-api-1.0-alpha-7.jar
7f82a45e2000-7f82a45e3000 r--s 00002000 08:15 19268945                   /home/cassio/.m2/repository/org/apache/maven/reporting/maven-reporting-api/2.0.6/maven-reporting-api-2.0.6.jar
7f82a45e3000-7f82a45e5000 r--s 00005000 08:15 19268090                   /home/cassio/.m2/repository/org/apache/maven/plugins/maven-resources-plugin/2.5/maven-resources-plugin-2.5.jar
7f82a45e5000-7f82a45f3000 r--s 0007f000 08:15 19660834                   /home/cassio/.m2/repository/commons-collections/commons-collections/3.2.1/commons-collections-3.2.1.jar
7f82a45f3000-7f82a45f8000 r--s 00041000 08:15 19660848                   /home/cassio/.m2/repository/commons-lang/commons-lang/2.6/commons-lang-2.6.jar
7f82a45f8000-7f82a45fa000 r--s 00006000 08:15 19269449                   /home/cassio/.m2/repository/org/apache/maven/shared/maven-invoker/2.0.11/maven-invoker-2.0.11.jar
7f82a45fa000-7f82a45fc000 r--s 00006000 08:15 19269436                   /home/cassio/.m2/repository/org/apache/maven/shared/maven-common-artifact-filters/1.4/maven-common-artifact-filters-1.4.jar
7f82a45fc000-7f82a45fe000 r--s 0000c000 08:15 19269429                   /home/cassio/.m2/repository/org/apache/maven/shared/maven-dependency-tree/2.0/maven-dependency-tree-2.0.jar
7f82a45fe000-7f82a4600000 r--s 00000000 08:15 19530020                   /home/cassio/.m2/repository/org/codehaus/plexus/plexus-component-annotations/1.5.5/plexus-component-annotations-1.5.5.jar
7f82a4600000-7f82a4601000 r--s 0000a000 08:15 19661064                   /home/cassio/.m2/repository/asm/asm/3.3.1/asm-3.3.1.jar
7f82a4601000-7f82a4603000 r--s 00005000 08:15 19269422                   /home/cassio/.m2/repository/org/apache/maven/shared/maven-dependency-analyzer/1.3/maven-dependency-analyzer-1.3.jar
7f82a4603000-7f82a4606000 r--s 0000c000 08:15 19529967                   /home/cassio/.m2/repository/org/codehaus/plexus/plexus-io/2.0.6/plexus-io-2.0.6.jar
7f82a4606000-7f82a4609000 r--s 0001b000 08:15 19531707                   /home/cassio/.m2/repository/junit/junit/3.8.1/junit-3.8.1.jar
7f82a4609000-7f82a460b000 r--s 00008000 08:15 19269415                   /home/cassio/.m2/repository/org/apache/maven/shared/maven-shared-io/1.1/maven-shared-io-1.1.jar
7f82a460b000-7f82a460d000 r--s 00008000 08:15 19269408                   /home/cassio/.m2/repository/org/apache/maven/shared/file-management/1.2.1/file-management-1.2.1.jar
7f82a460d000-7f82a4611000 r--s 00035000 08:15 19400952                   /home/cassio/.m2/repository/org/codehaus/plexus/plexus-utils/3.0.9/plexus-utils-3.0.9.jar
7f82a4611000-7f82a4616000 r--s 00029000 08:15 19529916                   /home/cassio/.m2/repository/org/codehaus/plexus/plexus-archiver/2.2/plexus-archiver-2.2.jar
7f82a4616000-7f82a4618000 r--s 00004000 08:15 19269254                   /home/cassio/.m2/repository/org/apache/maven/doxia/doxia-module-xhtml/1.0/doxia-module-xhtml-1.0.jar
7f82a4618000-7f82a4619000 r--s 00006000 08:15 19269241                   /home/cassio/.m2/repository/org/apache/maven/doxia/doxia-module-xdoc/1.0/doxia-module-xdoc-1.0.jar
7f82a4619000-7f82a461a000 r--s 00004000 08:15 19269216                   /home/cassio/.m2/repository/org/apache/maven/doxia/doxia-module-fml/1.0/doxia-module-fml-1.0.jar
7f82a461a000-7f82a461c000 r--s 0000a000 08:15 19269186                   /home/cassio/.m2/repository/org/apache/maven/doxia/doxia-module-apt/1.0/doxia-module-apt-1.0.jar
7f82a461c000-7f82a461d000 r--s 0000b000 08:15 19269161                   /home/cassio/.m2/repository/org/apache/maven/doxia/doxia-decoration-model/1.0/doxia-decoration-model-1.0.jar
7f82a461d000-7f82a4625000 r--s 00058000 08:15 19398700                   /home/cassio/.m2/repository/org/apache/velocity/velocity/1.5/velocity-1.5.jar
7f82a4625000-7f82a4626000 r--s 00001000 08:15 19529903                   /home/cassio/.m2/repository/org/codehaus/plexus/plexus-velocity/1.1.7/plexus-velocity-1.1.7.jar
7f82a4626000-7f82a4627000 r--s 00002000 08:15 19529846                   /home/cassio/.m2/repository/org/codehaus/plexus/plexus-i18n/1.0-beta-7/plexus-i18n-1.0-beta-7.jar
7f82a4627000-7f82a4629000 r--s 0000a000 08:15 19269119                   /home/cassio/.m2/repository/org/apache/maven/doxia/doxia-site-renderer/1.0/doxia-site-renderer-1.0.jar
7f82a4629000-7f82a462a000 r--s 00002000 08:15 19269020                   /home/cassio/.m2/repository/org/apache/maven/doxia/doxia-sink-api/1.0/doxia-sink-api-1.0.jar
7f82a462a000-7f82a462f000 r--s 00016000 08:15 19661026                   /home/cassio/.m2/repository/xml-apis/xml-apis/1.0.b2/xml-apis-1.0.b2.jar
7f82a462f000-7f82a4631000 r--s 0000e000 08:15 19660868                   /home/cassio/.m2/repository/oro/oro/2.0.8/oro-2.0.8.jar
7f82a4631000-7f82a4633000 r--s 00008000 08:15 19660963                   /home/cassio/.m2/repository/commons-logging/commons-logging/1.0.4/commons-logging-1.0.4.jar
7f82a4633000-7f82a4637000 r--s 00026000 08:15 19661006                   /home/cassio/.m2/repository/commons-digester/commons-digester/1.6/commons-digester-1.6.jar
7f82a4637000-7f82a463c000 r--s 0002a000 08:15 19660914                   /home/cassio/.m2/repository/commons-beanutils/commons-beanutils/1.7.0/commons-beanutils-1.7.0.jar
7f82a463c000-7f82a463f000 r--s 00014000 08:15 19660900                   /home/cassio/.m2/repository/commons-validator/commons-validator/1.2.0/commons-validator-1.2.0.jar
7f82a463f000-7f82a4642000 r--s 00018000 08:15 19660876                   /home/cassio/.m2/repository/commons-io/commons-io/1.4/commons-io-1.4.jar
7f82a4642000-7f82a4644000 r--s 00009000 08:15 19269395                   /home/cassio/.m2/repository/org/apache/maven/shared/maven-doxia-tools/1.0.2/maven-doxia-tools-1.0.2.jar
7f82a4644000-7f82a4647000 r--s 0000b000 08:15 19269094                   /home/cassio/.m2/repository/org/apache/maven/doxia/doxia-core/1.0/doxia-core-1.0.jar
7f82a4647000-7f82a4649000 r--s 00004000 08:15 19268989                   /home/cassio/.m2/repository/org/apache/maven/reporting/maven-reporting-impl/2.0.5/maven-reporting-impl-2.0.5.jar
7f82a4649000-7f82a464a000 r--s 00002000 08:15 19268939                   /home/cassio/.m2/repository/org/apache/maven/reporting/maven-reporting-api/3.0/maven-reporting-api-3.0.jar
7f82a464a000-7f82a464c000 r--s 00002000 08:15 19529816                   /home/cassio/.m2/repository/org/codehaus/plexus/plexus-interactivity-api/1.0-alpha-4/plexus-interactivity-api-1.0-alpha-4.jar
7f82a464c000-7f82a464e000 r--s 00006000 08:15 19532120                   /home/cassio/.m2/repository/commons-cli/commons-cli/1.0/commons-cli-1.0.jar
7f82a464e000-7f82a4651000 r--s 00021000 08:15 19268127                   /home/cassio/.m2/repository/org/apache/maven/plugins/maven-dependency-plugin/2.6/maven-dependency-plugin-2.6.jar
7f82a4651000-7f82a4851000 rw-p 00000000 00:00 0 
7f82a4851000-7f82a4855000 r--s 00033000 08:15 19400990                   /home/cassio/.m2/repository/org/codehaus/plexus/plexus-utils/2.0.5/plexus-utils-2.0.5.jar
7f82a4855000-7f82a4856000 r--s 00005000 08:15 19268202                   /home/cassio/.m2/repository/org/apache/maven/plugins/maven-clean-plugin/2.4.1/maven-clean-plugin-2.4.1.jar
7f82a4856000-7f82a4867000 r-xp 00000000 08:03 286836                     /usr/lib/jvm/java-8-oracle/jre/lib/amd64/libnio.so
7f82a4867000-7f82a4a66000 ---p 00011000 08:03 286836                     /usr/lib/jvm/java-8-oracle/jre/lib/amd64/libnio.so
7f82a4a66000-7f82a4a67000 rw-p 00010000 08:03 286836                     /usr/lib/jvm/java-8-oracle/jre/lib/amd64/libnio.so
7f82a4a67000-7f82a4d68000 rw-p 00000000 00:00 0 
7f82a4d68000-7f82a4d7e000 r-xp 00000000 08:03 286811                     /usr/lib/jvm/java-8-oracle/jre/lib/amd64/libnet.so
7f82a4d7e000-7f82a4f7e000 ---p 00016000 08:03 286811                     /usr/lib/jvm/java-8-oracle/jre/lib/amd64/libnet.so
7f82a4f7e000-7f82a4f7f000 rw-p 00016000 08:03 286811                     /usr/lib/jvm/java-8-oracle/jre/lib/amd64/libnet.so
7f82a4f7f000-7f82a4f82000 ---p 00000000 00:00 0 
7f82a4f82000-7f82a4fb8000 rw-p 00000000 00:00 0 
7f82a4fb8000-7f82a4fb9000 r--p 00000000 00:00 0 
7f82a4fb9000-7f82a51b9000 rw-p 00000000 00:00 0 
7f82a51b9000-7f82a51bd000 r--s 0009a000 08:03 286755                     /usr/lib/jvm/java-8-oracle/jre/lib/jsse.jar
7f82a51bd000-7f82a53bd000 rw-p 00000000 00:00 0 
7f82a53bd000-7f82a53bf000 r--s 0000d000 08:03 1214350                    /opt/netbeans-8.2/java/maven-nblib/netbeans-eventspy.jar
7f82a53bf000-7f82a53c1000 r--s 0000b000 08:03 1214326                    /opt/netbeans-8.2/java/maven/lib/maven-plugin-api-3.0.5.jar
7f82a53c1000-7f82a53cb000 r--s 00116000 08:03 286891                     /usr/lib/jvm/java-8-oracle/jre/lib/ext/localedata.jar
7f82a53cb000-7f82a53e7000 r--s 00393000 08:03 286894                     /usr/lib/jvm/java-8-oracle/jre/lib/ext/cldrdata.jar
7f82a53e7000-7f82a53f3000 r--s 0007d000 08:03 1214367                    /opt/netbeans-8.2/java/maven/lib/maven-core-3.0.5.jar
7f82a53f3000-7f82a53f4000 r--s 00003000 08:03 1214362                    /opt/netbeans-8.2/java/maven/lib/aether-spi-1.13.1.jar
7f82a53f4000-7f82a53f5000 r--s 0000a000 08:03 1214341                    /opt/netbeans-8.2/java/maven/lib/maven-embedder-3.0.5.jar
7f82a53f5000-7f82a5414000 r--s 00154000 08:03 1214368                    /opt/netbeans-8.2/java/maven/lib/sisu-guava-0.9.9.jar
7f82a5414000-7f82a541a000 r--s 0003f000 08:03 1214356                    /opt/netbeans-8.2/java/maven/lib/maven-compat-3.0.5.jar
7f82a541a000-7f82a541b000 r--s 00006000 08:03 1214281                    /opt/netbeans-8.2/java/maven/lib/plexus-sec-dispatcher-1.3.jar
7f82a541b000-7f82a541e000 r--s 0001d000 08:03 1214354                    /opt/netbeans-8.2/java/maven/lib/aether-impl-1.13.1.jar
7f82a541e000-7f82a5425000 r--s 0002b000 08:03 1214301                    /opt/netbeans-8.2/java/maven/lib/sisu-inject-plexus-2.3.0.jar
7f82a5425000-7f82a5454000 r--s 001c8000 08:03 1214325                    /opt/netbeans-8.2/java/maven/lib/wagon-http-2.10-shaded.jar
7f82a5454000-7f82a5455000 ---p 00000000 00:00 0 
7f82a5455000-7f82a5555000 rw-p 00000000 00:00 0 
7f82a5555000-7f82a5558000 ---p 00000000 00:00 0 
7f82a5558000-7f82a5656000 rw-p 00000000 00:00 0 
7f82a5656000-7f82a5659000 ---p 00000000 00:00 0 
7f82a5659000-7f82a5757000 rw-p 00000000 00:00 0 
7f82a5757000-7f82a575a000 ---p 00000000 00:00 0 
7f82a575a000-7f82a5858000 rw-p 00000000 00:00 0 
7f82a5858000-7f82a585b000 ---p 00000000 00:00 0 
7f82a585b000-7f82a5959000 rw-p 00000000 00:00 0 
7f82a5959000-7f82a595c000 ---p 00000000 00:00 0 
7f82a595c000-7f82a5a5a000 rw-p 00000000 00:00 0 
7f82a5a5a000-7f82a5d33000 r--p 00000000 08:03 265020                     /usr/lib/locale/locale-archive
7f82a5d33000-7f82a5d36000 ---p 00000000 00:00 0 
7f82a5d36000-7f82a5e34000 rw-p 00000000 00:00 0 
7f82a5e34000-7f82a5e37000 ---p 00000000 00:00 0 
7f82a5e37000-7f82a5f35000 rw-p 00000000 00:00 0 
7f82a5f35000-7f82a5f36000 ---p 00000000 00:00 0 
7f82a5f36000-7f82a7018000 rw-p 00000000 00:00 0 
7f82a7018000-7f82a71f1000 r--s 03d3e000 08:03 286803                     /usr/lib/jvm/java-8-oracle/jre/lib/rt.jar
7f82a71f1000-7f82abb9d000 rw-p 00000000 00:00 0 
7f82abb9d000-7f82abb9e000 ---p 00000000 00:00 0 
7f82abb9e000-7f82abc9e000 rw-p 00000000 00:00 0 
7f82abc9e000-7f82abc9f000 ---p 00000000 00:00 0 
7f82abc9f000-7f82abd9f000 rw-p 00000000 00:00 0 
7f82abd9f000-7f82abda0000 ---p 00000000 00:00 0 
7f82abda0000-7f82abea0000 rw-p 00000000 00:00 0 
7f82abea0000-7f82abea1000 ---p 00000000 00:00 0 
7f82abea1000-7f82abfc6000 rw-p 00000000 00:00 0 
7f82abfc6000-7f82ac230000 ---p 00000000 00:00 0 
7f82ac230000-7f82ac255000 rw-p 00000000 00:00 0 
7f82ac255000-7f82ac4be000 ---p 00000000 00:00 0 
7f82ac4be000-7f82ac50d000 rw-p 00000000 00:00 0 
7f82ac50d000-7f82ac606000 ---p 00000000 00:00 0 
7f82ac606000-7f82ac644000 rw-p 00000000 00:00 0 
7f82ac644000-7f82ac9c7000 ---p 00000000 00:00 0 
7f82ac9c7000-7f82ad907000 rwxp 00000000 00:00 0 
7f82ad907000-7f82bb9c7000 ---p 00000000 00:00 0 
7f82bb9c7000-7f82bb9e1000 r-xp 00000000 08:03 286834                     /usr/lib/jvm/java-8-oracle/jre/lib/amd64/libzip.so
7f82bb9e1000-7f82bbbe1000 ---p 0001a000 08:03 286834                     /usr/lib/jvm/java-8-oracle/jre/lib/amd64/libzip.so
7f82bbbe1000-7f82bbbe2000 rw-p 0001a000 08:03 286834                     /usr/lib/jvm/java-8-oracle/jre/lib/amd64/libzip.so
7f82bbbe2000-7f82bbbed000 r-xp 00000000 08:03 536583                     /lib/x86_64-linux-gnu/libnss_files-2.23.so
7f82bbbed000-7f82bbdec000 ---p 0000b000 08:03 536583                     /lib/x86_64-linux-gnu/libnss_files-2.23.so
7f82bbdec000-7f82bbded000 r--p 0000a000 08:03 536583                     /lib/x86_64-linux-gnu/libnss_files-2.23.so
7f82bbded000-7f82bbdee000 rw-p 0000b000 08:03 536583                     /lib/x86_64-linux-gnu/libnss_files-2.23.so
7f82bbdee000-7f82bbdf4000 rw-p 00000000 00:00 0 
7f82bbdf4000-7f82bbdff000 r-xp 00000000 08:03 536549                     /lib/x86_64-linux-gnu/libnss_nis-2.23.so
7f82bbdff000-7f82bbffe000 ---p 0000b000 08:03 536549                     /lib/x86_64-linux-gnu/libnss_nis-2.23.so
7f82bbffe000-7f82bbfff000 r--p 0000a000 08:03 536549                     /lib/x86_64-linux-gnu/libnss_nis-2.23.so
7f82bbfff000-7f82bc000000 rw-p 0000b000 08:03 536549                     /lib/x86_64-linux-gnu/libnss_nis-2.23.so
7f82bc000000-7f82bcefd000 rw-p 00000000 00:00 0 
7f82bcefd000-7f82c0000000 ---p 00000000 00:00 0 
7f82c0000000-7f82c0002000 r--s 00026000 08:03 1214359                    /opt/netbeans-8.2/java/maven/lib/maven-model-3.0.5.jar
7f82c0002000-7f82c0004000 r--s 00000000 08:03 1214011                    /opt/netbeans-8.2/java/maven/lib/plexus-component-annotations-1.5.5.jar
7f82c0004000-7f82c0008000 r--s 00021000 08:03 1214280                    /opt/netbeans-8.2/java/maven/lib/maven-model-builder-3.0.5.jar
7f82c0008000-7f82c000a000 r--s 00009000 08:03 1214371                    /opt/netbeans-8.2/java/maven/lib/commons-cli-1.2.jar
7f82c000a000-7f82c0011000 r--s 0003f000 08:03 1214327                    /opt/netbeans-8.2/java/maven/lib/sisu-inject-bean-2.3.0.jar
7f82c0011000-7f82c0013000 r--s 0000b000 08:03 1214313                    /opt/netbeans-8.2/java/maven/lib/wagon-provider-api-2.10.jar
7f82c0013000-7f82c0017000 r--s 00013000 08:03 1214361                    /opt/netbeans-8.2/java/maven/lib/aether-api-1.13.1.jar
7f82c0017000-7f82c0019000 r--s 00002000 08:03 1214360                    /opt/netbeans-8.2/java/maven/lib/plexus-cipher-1.7.jar
7f82c0019000-7f82c002f000 r-xp 00000000 08:03 536575                     /lib/x86_64-linux-gnu/libnsl-2.23.so
7f82c002f000-7f82c022e000 ---p 00016000 08:03 536575                     /lib/x86_64-linux-gnu/libnsl-2.23.so
7f82c022e000-7f82c022f000 r--p 00015000 08:03 536575                     /lib/x86_64-linux-gnu/libnsl-2.23.so
7f82c022f000-7f82c0230000 rw-p 00016000 08:03 536575                     /lib/x86_64-linux-gnu/libnsl-2.23.so
7f82c0230000-7f82c0232000 rw-p 00000000 00:00 0 
7f82c0232000-7f82c023a000 r-xp 00000000 08:03 536577                     /lib/x86_64-linux-gnu/libnss_compat-2.23.so
7f82c023a000-7f82c0439000 ---p 00008000 08:03 536577                     /lib/x86_64-linux-gnu/libnss_compat-2.23.so
7f82c0439000-7f82c043a000 r--p 00007000 08:03 536577                     /lib/x86_64-linux-gnu/libnss_compat-2.23.so
7f82c043a000-7f82c043b000 rw-p 00008000 08:03 536577                     /lib/x86_64-linux-gnu/libnss_compat-2.23.so
7f82c043b000-7f82c0466000 r-xp 00000000 08:03 286861                     /usr/lib/jvm/java-8-oracle/jre/lib/amd64/libjava.so
7f82c0466000-7f82c0665000 ---p 0002b000 08:03 286861                     /usr/lib/jvm/java-8-oracle/jre/lib/amd64/libjava.so
7f82c0665000-7f82c0667000 rw-p 0002a000 08:03 286861                     /usr/lib/jvm/java-8-oracle/jre/lib/amd64/libjava.so
7f82c0667000-7f82c0674000 r-xp 00000000 08:03 286812                     /usr/lib/jvm/java-8-oracle/jre/lib/amd64/libverify.so
7f82c0674000-7f82c0873000 ---p 0000d000 08:03 286812                     /usr/lib/jvm/java-8-oracle/jre/lib/amd64/libverify.so
7f82c0873000-7f82c0875000 rw-p 0000c000 08:03 286812                     /usr/lib/jvm/java-8-oracle/jre/lib/amd64/libverify.so
7f82c0875000-7f82c087c000 r-xp 00000000 08:03 536548                     /lib/x86_64-linux-gnu/librt-2.23.so
7f82c087c000-7f82c0a7b000 ---p 00007000 08:03 536548                     /lib/x86_64-linux-gnu/librt-2.23.so
7f82c0a7b000-7f82c0a7c000 r--p 00006000 08:03 536548                     /lib/x86_64-linux-gnu/librt-2.23.so
7f82c0a7c000-7f82c0a7d000 rw-p 00007000 08:03 536548                     /lib/x86_64-linux-gnu/librt-2.23.so
7f82c0a7d000-7f82c0b85000 r-xp 00000000 08:03 536571                     /lib/x86_64-linux-gnu/libm-2.23.so
7f82c0b85000-7f82c0d84000 ---p 00108000 08:03 536571                     /lib/x86_64-linux-gnu/libm-2.23.so
7f82c0d84000-7f82c0d85000 r--p 00107000 08:03 536571                     /lib/x86_64-linux-gnu/libm-2.23.so
7f82c0d85000-7f82c0d86000 rw-p 00108000 08:03 536571                     /lib/x86_64-linux-gnu/libm-2.23.so
7f82c0d86000-7f82c1a54000 r-xp 00000000 08:03 286865                     /usr/lib/jvm/java-8-oracle/jre/lib/amd64/server/libjvm.so
7f82c1a54000-7f82c1c54000 ---p 00cce000 08:03 286865                     /usr/lib/jvm/java-8-oracle/jre/lib/amd64/server/libjvm.so
7f82c1c54000-7f82c1d2d000 rw-p 00cce000 08:03 286865                     /usr/lib/jvm/java-8-oracle/jre/lib/amd64/server/libjvm.so
7f82c1d2d000-7f82c1d78000 rw-p 00000000 00:00 0 
7f82c1d78000-7f82c1f37000 r-xp 00000000 08:03 536561                     /lib/x86_64-linux-gnu/libc-2.23.so
7f82c1f37000-7f82c2137000 ---p 001bf000 08:03 536561                     /lib/x86_64-linux-gnu/libc-2.23.so
7f82c2137000-7f82c213b000 r--p 001bf000 08:03 536561                     /lib/x86_64-linux-gnu/libc-2.23.so
7f82c213b000-7f82c213d000 rw-p 001c3000 08:03 536561                     /lib/x86_64-linux-gnu/libc-2.23.so
7f82c213d000-7f82c2141000 rw-p 00000000 00:00 0 
7f82c2141000-7f82c2144000 r-xp 00000000 08:03 536556                     /lib/x86_64-linux-gnu/libdl-2.23.so
7f82c2144000-7f82c2343000 ---p 00003000 08:03 536556                     /lib/x86_64-linux-gnu/libdl-2.23.so
7f82c2343000-7f82c2344000 r--p 00002000 08:03 536556                     /lib/x86_64-linux-gnu/libdl-2.23.so
7f82c2344000-7f82c2345000 rw-p 00003000 08:03 536556                     /lib/x86_64-linux-gnu/libdl-2.23.so
7f82c2345000-7f82c235a000 r-xp 00000000 08:03 285946                     /usr/lib/jvm/java-8-oracle/lib/amd64/jli/libjli.so
7f82c235a000-7f82c255a000 ---p 00015000 08:03 285946                     /usr/lib/jvm/java-8-oracle/lib/amd64/jli/libjli.so
7f82c255a000-7f82c255b000 rw-p 00015000 08:03 285946                     /usr/lib/jvm/java-8-oracle/lib/amd64/jli/libjli.so
7f82c255b000-7f82c2573000 r-xp 00000000 08:03 536573                     /lib/x86_64-linux-gnu/libpthread-2.23.so
7f82c2573000-7f82c2772000 ---p 00018000 08:03 536573                     /lib/x86_64-linux-gnu/libpthread-2.23.so
7f82c2772000-7f82c2773000 r--p 00017000 08:03 536573                     /lib/x86_64-linux-gnu/libpthread-2.23.so
7f82c2773000-7f82c2774000 rw-p 00018000 08:03 536573                     /lib/x86_64-linux-gnu/libpthread-2.23.so
7f82c2774000-7f82c2778000 rw-p 00000000 00:00 0 
7f82c2778000-7f82c279e000 r-xp 00000000 08:03 536510                     /lib/x86_64-linux-gnu/ld-2.23.so
7f82c279e000-7f82c279f000 r--s 00002000 08:03 1214370                    /opt/netbeans-8.2/java/maven/lib/wagon-file-2.10.jar
7f82c279f000-7f82c27a3000 r--s 00033000 08:03 1214353                    /opt/netbeans-8.2/java/maven/lib/plexus-utils-2.0.6.jar
7f82c27a3000-7f82c27a4000 r--s 00002000 08:03 1214328                    /opt/netbeans-8.2/java/maven/lib/wagon-http-shared-2.10.jar
7f82c27a4000-7f82c27a8000 r--s 0001c000 08:03 1214355                    /opt/netbeans-8.2/java/maven/lib/aether-util-1.13.1.jar
7f82c27a8000-7f82c27aa000 r--s 0000c000 08:03 1214245                    /opt/netbeans-8.2/java/maven/lib/maven-aether-provider-3.0.5.jar
7f82c27aa000-7f82c2875000 rw-p 00000000 00:00 0 
7f82c2875000-7f82c2878000 ---p 00000000 00:00 0 
7f82c2878000-7f82c297a000 rw-p 00000000 00:00 0 
7f82c297a000-7f82c2982000 r--s 00050000 08:03 1214312                    /opt/netbeans-8.2/java/maven/lib/sisu-guice-3.1.0-no_aop.jar
7f82c2982000-7f82c2984000 r--s 0000b000 08:03 1214340                    /opt/netbeans-8.2/java/maven/lib/maven-artifact-3.0.5.jar
7f82c2984000-7f82c2986000 r--s 00006000 08:03 1214198                    /opt/netbeans-8.2/java/maven/lib/aether-connector-wagon-1.13.1.jar
7f82c2986000-7f82c2988000 r--s 00006000 08:03 1214132                    /opt/netbeans-8.2/java/maven/lib/maven-repository-metadata-3.0.5.jar
7f82c2988000-7f82c298b000 r--s 00008000 08:03 1214227                    /opt/netbeans-8.2/java/maven/lib/maven-settings-builder-3.0.5.jar
7f82c298b000-7f82c298d000 r--s 0000d000 08:03 1214282                    /opt/netbeans-8.2/java/maven/lib/plexus-interpolation-1.14.jar
7f82c298d000-7f82c298f000 r--s 0000a000 08:03 1214342                    /opt/netbeans-8.2/java/maven/lib/maven-settings-3.0.5.jar
7f82c298f000-7f82c2991000 r--s 0000a000 08:03 1214315                    /opt/netbeans-8.2/java/maven/boot/plexus-classworlds-2.4.jar
7f82c2991000-7f82c2999000 rw-s 00000000 08:03 131153                     /tmp/hsperfdata_cassio/9245
7f82c2999000-7f82c299a000 rw-p 00000000 00:00 0 
7f82c299a000-7f82c299b000 ---p 00000000 00:00 0 
7f82c299b000-7f82c299d000 rw-p 00000000 00:00 0 
7f82c299d000-7f82c299e000 r--p 00025000 08:03 536510                     /lib/x86_64-linux-gnu/ld-2.23.so
7f82c299e000-7f82c299f000 rw-p 00026000 08:03 536510                     /lib/x86_64-linux-gnu/ld-2.23.so
7f82c299f000-7f82c29a0000 rw-p 00000000 00:00 0 
7ffd6a492000-7ffd6a4b3000 rw-p 00000000 00:00 0                          [stack]
7ffd6a4f1000-7ffd6a4f3000 r--p 00000000 00:00 0                          [vvar]
7ffd6a4f3000-7ffd6a4f5000 r-xp 00000000 00:00 0                          [vdso]
ffffffffff600000-ffffffffff601000 r-xp 00000000 00:00 0                  [vsyscall]

VM Arguments:
jvm_args: -Dclassworlds.conf=/opt/netbeans-8.2/java/maven/bin/m2.conf -Dmaven.home=/opt/netbeans-8.2/java/maven 
java_command: org.codehaus.plexus.classworlds.launcher.Launcher -Dmaven.ext.class.path=/opt/netbeans-8.2/java/maven-nblib/netbeans-eventspy.jar clean install
java_class_path (initial): /opt/netbeans-8.2/java/maven/boot/plexus-classworlds-2.4.jar
Launcher Type: SUN_STANDARD

Environment Variables:
JAVA_HOME=/usr/lib/jvm/java-8-oracle
PATH=/usr/local/sbin:/usr/local/bin:/usr/sbin:/usr/bin:/sbin:/bin:/usr/games:/usr/local/games:/snap/bin:/usr/lib/jvm/java-8-oracle/bin:/usr/lib/jvm/java-8-oracle/db/bin:/usr/lib/jvm/java-8-oracle/jre/bin
LD_LIBRARY_PATH=/usr/lib/jvm/java-8-oracle/jre/lib/amd64:/usr/lib/jvm/java-8-oracle/jre/lib/i386:
SHELL=/bin/bash
DISPLAY=:0

Signal Handlers:
SIGSEGV: [libjvm.so+0xac78c0], sa_mask[0]=11111111011111111101111111111110, sa_flags=SA_RESTART|SA_SIGINFO
SIGBUS: [libjvm.so+0xac78c0], sa_mask[0]=11111111011111111101111111111110, sa_flags=SA_RESTART|SA_SIGINFO
SIGFPE: [libjvm.so+0x920ac0], sa_mask[0]=11111111011111111101111111111110, sa_flags=SA_RESTART|SA_SIGINFO
SIGPIPE: [libjvm.so+0x920ac0], sa_mask[0]=11111111011111111101111111111110, sa_flags=SA_RESTART|SA_SIGINFO
SIGXFSZ: [libjvm.so+0x920ac0], sa_mask[0]=11111111011111111101111111111110, sa_flags=SA_RESTART|SA_SIGINFO
SIGILL: [libjvm.so+0x920ac0], sa_mask[0]=11111111011111111101111111111110, sa_flags=SA_RESTART|SA_SIGINFO
SIGUSR1: SIG_DFL, sa_mask[0]=00000000000000000000000000000000, sa_flags=none
SIGUSR2: [libjvm.so+0x922300], sa_mask[0]=00100000000000000000000000000000, sa_flags=SA_RESTART|SA_SIGINFO
SIGHUP: [libjvm.so+0x923700], sa_mask[0]=11111111011111111101111111111110, sa_flags=SA_RESTART|SA_SIGINFO
SIGINT: SIG_IGN, sa_mask[0]=00000000000000000000000000000000, sa_flags=none
SIGTERM: [libjvm.so+0x923700], sa_mask[0]=11111111011111111101111111111110, sa_flags=SA_RESTART|SA_SIGINFO
SIGQUIT: [libjvm.so+0x923700], sa_mask[0]=11111111011111111101111111111110, sa_flags=SA_RESTART|SA_SIGINFO


---------------  S Y S T E M  ---------------

OS:DISTRIB_ID=Ubuntu
DISTRIB_RELEASE=16.04
DISTRIB_CODENAME=xenial
DISTRIB_DESCRIPTION="Ubuntu 16.04.1 LTS"

uname:Linux 4.4.0-62-generic #83-Ubuntu SMP Wed Jan 18 14:10:15 UTC 2017 x86_64
libc:glibc 2.23 NPTL 2.23 
rlimit: STACK 8192k, CORE 0k, NPROC 31238, NOFILE 65536, AS infinity
load average:52,54 53,21 40,35

/proc/meminfo:
MemTotal:        8037356 kB
MemFree:          103440 kB
MemAvailable:      11396 kB
Buffers:            1596 kB
Cached:           892196 kB
SwapCached:            0 kB
Active:          6881568 kB
Inactive:         817480 kB
Active(anon):    6871136 kB
Inactive(anon):   807392 kB
Active(file):      10432 kB
Inactive(file):    10088 kB
Unevictable:         148 kB
Mlocked:             148 kB
SwapTotal:             0 kB
SwapFree:              0 kB
Dirty:                40 kB
Writeback:             0 kB
AnonPages:       6806664 kB
Mapped:           203844 kB
Shmem:            872012 kB
Slab:             109192 kB
SReclaimable:      65264 kB
SUnreclaim:        43928 kB
KernelStack:       14704 kB
PageTables:        58128 kB
NFS_Unstable:          0 kB
Bounce:                0 kB
WritebackTmp:          0 kB
CommitLimit:     4018676 kB
Committed_AS:   13647268 kB
VmallocTotal:   34359738367 kB
VmallocUsed:           0 kB
VmallocChunk:          0 kB
HardwareCorrupted:     0 kB
AnonHugePages:   2435072 kB
CmaTotal:              0 kB
CmaFree:               0 kB
HugePages_Total:       0
HugePages_Free:        0
HugePages_Rsvd:        0
HugePages_Surp:        0
Hugepagesize:       2048 kB
DirectMap4k:      183784 kB
DirectMap2M:     8067072 kB


CPU:total 4 (2 cores per cpu, 2 threads per core) family 6 model 58 stepping 9, cmov, cx8, fxsr, mmx, sse, sse2, sse3, ssse3, sse4.1, sse4.2, popcnt, avx, aes, clmul, erms, ht, tsc, tscinvbit, tscinv

/proc/cpuinfo:
processor	: 0
vendor_id	: GenuineIntel
cpu family	: 6
model		: 58
model name	: Intel(R) Core(TM) i5-3337U CPU @ 1.80GHz
stepping	: 9
microcode	: 0x1c
cpu MHz		: 2078.015
cache size	: 3072 KB
physical id	: 0
siblings	: 4
core id		: 0
cpu cores	: 2
apicid		: 0
initial apicid	: 0
fpu		: yes
fpu_exception	: yes
cpuid level	: 13
wp		: yes
flags		: fpu vme de pse tsc msr pae mce cx8 apic sep mtrr pge mca cmov pat pse36 clflush dts acpi mmx fxsr sse sse2 ss ht tm pbe syscall nx rdtscp lm constant_tsc arch_perfmon pebs bts rep_good nopl xtopology nonstop_tsc aperfmperf eagerfpu pni pclmulqdq dtes64 monitor ds_cpl vmx est tm2 ssse3 cx16 xtpr pdcm pcid sse4_1 sse4_2 x2apic popcnt tsc_deadline_timer aes xsave avx f16c rdrand lahf_lm epb tpr_shadow vnmi flexpriority ept vpid fsgsbase smep erms xsaveopt dtherm ida arat pln pts
bugs		:
bogomips	: 3591.74
clflush size	: 64
cache_alignment	: 64
address sizes	: 36 bits physical, 48 bits virtual
power management:

processor	: 1
vendor_id	: GenuineIntel
cpu family	: 6
model		: 58
model name	: Intel(R) Core(TM) i5-3337U CPU @ 1.80GHz
stepping	: 9
microcode	: 0x1c
cpu MHz		: 2017.476
cache size	: 3072 KB
physical id	: 0
siblings	: 4
core id		: 1
cpu cores	: 2
apicid		: 2
initial apicid	: 2
fpu		: yes
fpu_exception	: yes
cpuid level	: 13
wp		: yes
flags		: fpu vme de pse tsc msr pae mce cx8 apic sep mtrr pge mca cmov pat pse36 clflush dts acpi mmx fxsr sse sse2 ss ht tm pbe syscall nx rdtscp lm constant_tsc arch_perfmon pebs bts rep_good nopl xtopology nonstop_tsc aperfmperf eagerfpu pni pclmulqdq dtes64 monitor ds_cpl vmx est tm2 ssse3 cx16 xtpr pdcm pcid sse4_1 sse4_2 x2apic popcnt tsc_deadline_timer aes xsave avx f16c rdrand lahf_lm epb tpr_shadow vnmi flexpriority ept vpid fsgsbase smep erms xsaveopt dtherm ida arat pln pts
bugs		:
bogomips	: 3591.74
clflush size	: 64
cache_alignment	: 64
address sizes	: 36 bits physical, 48 bits virtual
power management:

processor	: 2
vendor_id	: GenuineIntel
cpu family	: 6
model		: 58
model name	: Intel(R) Core(TM) i5-3337U CPU @ 1.80GHz
stepping	: 9
microcode	: 0x1c
cpu MHz		: 2099.742
cache size	: 3072 KB
physical id	: 0
siblings	: 4
core id		: 0
cpu cores	: 2
apicid		: 1
initial apicid	: 1
fpu		: yes
fpu_exception	: yes
cpuid level	: 13
wp		: yes
flags		: fpu vme de pse tsc msr pae mce cx8 apic sep mtrr pge mca cmov pat pse36 clflush dts acpi mmx fxsr sse sse2 ss ht tm pbe syscall nx rdtscp lm constant_tsc arch_perfmon pebs bts rep_good nopl xtopology nonstop_tsc aperfmperf eagerfpu pni pclmulqdq dtes64 monitor ds_cpl vmx est tm2 ssse3 cx16 xtpr pdcm pcid sse4_1 sse4_2 x2apic popcnt tsc_deadline_timer aes xsave avx f16c rdrand lahf_lm epb tpr_shadow vnmi flexpriority ept vpid fsgsbase smep erms xsaveopt dtherm ida arat pln pts
bugs		:
bogomips	: 3591.74
clflush size	: 64
cache_alignment	: 64
address sizes	: 36 bits physical, 48 bits virtual
power management:

processor	: 3
vendor_id	: GenuineIntel
cpu family	: 6
model		: 58
model name	: Intel(R) Core(TM) i5-3337U CPU @ 1.80GHz
stepping	: 9
microcode	: 0x1c
cpu MHz		: 2099.742
cache size	: 3072 KB
physical id	: 0
siblings	: 4
core id		: 1
cpu cores	: 2
apicid		: 3
initial apicid	: 3
fpu		: yes
fpu_exception	: yes
cpuid level	: 13
wp		: yes
flags		: fpu vme de pse tsc msr pae mce cx8 apic sep mtrr pge mca cmov pat pse36 clflush dts acpi mmx fxsr sse sse2 ss ht tm pbe syscall nx rdtscp lm constant_tsc arch_perfmon pebs bts rep_good nopl xtopology nonstop_tsc aperfmperf eagerfpu pni pclmulqdq dtes64 monitor ds_cpl vmx est tm2 ssse3 cx16 xtpr pdcm pcid sse4_1 sse4_2 x2apic popcnt tsc_deadline_timer aes xsave avx f16c rdrand lahf_lm epb tpr_shadow vnmi flexpriority ept vpid fsgsbase smep erms xsaveopt dtherm ida arat pln pts
bugs		:
bogomips	: 3591.74
clflush size	: 64
cache_alignment	: 64
address sizes	: 36 bits physical, 48 bits virtual
power management:



Memory: 4k page, physical 8037356k(103512k free), swap 0k(0k free)

vm_info: Java HotSpot(TM) 64-Bit Server VM (25.121-b13) for linux-amd64 JRE (1.8.0_121-b13), built on Dec 12 2016 16:36:53 by "java_re" with gcc 4.3.0 20080428 (Red Hat 4.3.0-8)

time: Sun Feb  5 20:47:33 2017
elapsed time: 1233 seconds (0d 0h 20m 33s)

